proguard/seeds.txt
net.jessechen.instawifi.DonateActivity
net.jessechen.instawifi.DonateActivity: DonateActivity()
net.jessechen.instawifi.DonateActivity: void onClick(android.view.View)
net.jessechen.instawifi.InstaWifiHandler
net.jessechen.instawifi.InstaWifiHandler: InstaWifiHandler()
net.jessechen.instawifi.NfcActivity
net.jessechen.instawifi.NfcActivity: NfcActivity()
net.jessechen.instawifi.billing.BillingReceiver
net.jessechen.instawifi.billing.BillingReceiver: BillingReceiver()
net.jessechen.instawifi.billing.BillingService
net.jessechen.instawifi.billing.BillingService: BillingService()
net.jessechen.instawifi.misc.PasswordEditText
net.jessechen.instawifi.misc.PasswordEditText: PasswordEditText(android.content.Context)
net.jessechen.instawifi.misc.PasswordEditText: PasswordEditText(android.content.Context,android.util.AttributeSet)
net.jessechen.instawifi.misc.PasswordEditText: PasswordEditText(android.content.Context,android.util.AttributeSet,int)
net.jessechen.instawifi.misc.WifiReceiver
net.jessechen.instawifi.util.BillingUtil$PurchaseState: net.jessechen.instawifi.util.BillingUtil$PurchaseState[] values()
net.jessechen.instawifi.util.BillingUtil$PurchaseState: net.jessechen.instawifi.util.BillingUtil$PurchaseState valueOf(java.lang.String)
net.jessechen.instawifi.util.BillingUtil$ResponseCode: net.jessechen.instawifi.util.BillingUtil$ResponseCode[] values()
net.jessechen.instawifi.util.BillingUtil$ResponseCode: net.jessechen.instawifi.util.BillingUtil$ResponseCode valueOf(java.lang.String)
net.jessechen.instawifi.util.QrUtil$QrImageSize: net.jessechen.instawifi.util.QrUtil$QrImageSize[] values()
net.jessechen.instawifi.util.QrUtil$QrImageSize: net.jessechen.instawifi.util.QrUtil$QrImageSize valueOf(java.lang.String)
net.jessechen.instawifi.util.WifiUtil$ConnectToWifiResult: net.jessechen.instawifi.util.WifiUtil$ConnectToWifiResult[] values()
net.jessechen.instawifi.util.WifiUtil$ConnectToWifiResult: net.jessechen.instawifi.util.WifiUtil$ConnectToWifiResult valueOf(java.lang.String)
...
com.actionbarsherlock.internal.nineoldandroids.animation.AnimatorSet
com.actionbarsherlock.internal.nineoldandroids.animation.AnimatorSet: java.util.ArrayList mPlayingSet
com.actionbarsherlock.internal.nineoldandroids.animation.AnimatorSet: java.util.HashMap mNodeMap
com.actionbarsherlock.internal.nineoldandroids.animation.AnimatorSet: java.util.ArrayList mNodes
com.actionbarsherlock.internal.nineoldandroids.animation.AnimatorSet: java.util.ArrayList mSortedNodes
com.actionbarsherlock.internal.nineoldandroids.animation.AnimatorSet: boolean mNeedsSort
com.actionbarsherlock.internal.nineoldandroids.animation.AnimatorSet: com.actionbarsherlock.internal.nineoldandroids.animation.AnimatorSet$AnimatorSetListener mSetListener
com.actionbarsherlock.internal.nineoldandroids.animation.AnimatorSet: boolean mTerminated
com.actionbarsherlock.internal.nineoldandroids.animation.AnimatorSet: boolean mStarted
com.actionbarsherlock.internal.nineoldandroids.animation.AnimatorSet: long mStartDelay
com.actionbarsherlock.internal.nineoldandroids.animation.AnimatorSet: com.actionbarsherlock.internal.nineoldandroids.animation.ValueAnimator mDelayAnim
com.actionbarsherlock.internal.nineoldandroids.animation.AnimatorSet: long mDuration
com.actionbarsherlock.internal.nineoldandroids.animation.AnimatorSet: AnimatorSet()
com.actionbarsherlock.internal.nineoldandroids.animation.AnimatorSet: void playTogether(com.actionbarsherlock.internal.nineoldandroids.animation.Animator[])
com.actionbarsherlock.internal.nineoldandroids.animation.AnimatorSet$1
com.actionbarsherlock.internal.nineoldandroids.animation.AnimatorSet$1: boolean canceled
com.actionbarsherlock.internal.nineoldandroids.animation.AnimatorSet$1: com.actionbarsherlock.internal.nineoldandroids.animation.AnimatorSet this$0
com.actionbarsherlock.internal.nineoldandroids.animation.AnimatorSet$1: java.util.ArrayList val$nodesToStart
com.actionbarsherlock.internal.nineoldandroids.animation.AnimatorSet$1: AnimatorSet$1(com.actionbarsherlock.internal.nineoldandroids.animation.AnimatorSet,java.util.ArrayList)
com.actionbarsherlock.internal.nineoldandroids.animation.AnimatorSet$1: void onAnimationCancel(com.actionbarsherlock.internal.nineoldandroids.animation.Animator)
com.actionbarsherlock.internal.nineoldandroids.animation.AnimatorSet$1: void onAnimationEnd(com.actionbarsherlock.internal.nineoldandroids.animation.Animator)
com.actionbarsherlock.internal.nineoldandroids.animation.AnimatorSet$AnimatorSetListener
com.actionbarsherlock.internal.nineoldandroids.animation.AnimatorSet$AnimatorSetListener: com.actionbarsherlock.internal.nineoldandroids.animation.AnimatorSet mAnimatorSet
com.actionbarsherlock.internal.nineoldandroids.animation.AnimatorSet$AnimatorSetListener: com.actionbarsherlock.internal.nineoldandroids.animation.AnimatorSet this$0
com.actionbarsherlock.internal.nineoldandroids.animation.AnimatorSet$AnimatorSetListener: AnimatorSet$AnimatorSetListener(com.actionbarsherlock.internal.nineoldandroids.animation.AnimatorSet,com.actionbarsherlock.internal.nineoldandroids.animation.AnimatorSet)
com.actionbarsherlock.internal.nineoldandroids.animation.AnimatorSet$AnimatorSetListener: void onAnimationCancel(com.actionbarsherlock.internal.nineoldandroids.animation.Animator)
com.actionbarsherlock.internal.nineoldandroids.animation.AnimatorSet$AnimatorSetListener: void onAnimationEnd(com.actionbarsherlock.internal.nineoldandroids.animation.Animator)
com.actionbarsherlock.internal.nineoldandroids.animation.AnimatorSet$AnimatorSetListener: void onAnimationRepeat(com.actionbarsherlock.internal.nineoldandroids.animation.Animator)
com.actionbarsherlock.internal.nineoldandroids.animation.AnimatorSet$AnimatorSetListener: void onAnimationStart(com.actionbarsherlock.internal.nineoldandroids.animation.Animator)