proguard/mapping.txt
net.jessechen.instawifi.DonateActivity -> net.jessechen.instawifi.DonateActivity:
    java.lang.String TAG -> a
    android.widget.RadioGroup donateOptions -> b
    android.widget.Button donateButton -> c
    android.os.Handler mHandler -> d
    net.jessechen.instawifi.DonateActivity$DonatePurchaseObserver mDonatePurchaseObserver -> e
    net.jessechen.instawifi.billing.BillingService mBillingService -> f
    37:57:void onCreate(android.os.Bundle) -> onCreate
    61:63:void onDestroy() -> onDestroy
    67:74:void onClick(android.view.View) -> onClick
    78:85:void onCheckedChanged(android.widget.RadioGroup,int) -> onCheckedChanged
    26:26:java.lang.String access$0() -> a
net.jessechen.instawifi.DonateActivity$DonatePurchaseObserver -> net.jessechen.instawifi.a:
    net.jessechen.instawifi.DonateActivity this$0 -> a
    102:112:void onPurchaseStateChange$67b1ba4b(net.jessechen.instawifi.util.BillingUtil$PurchaseState,java.lang.String) -> a
    117:125:void onRequestPurchaseResponse(net.jessechen.instawifi.billing.BillingService$RequestPurchase,net.jessechen.instawifi.util.BillingUtil$ResponseCode) -> a
net.jessechen.instawifi.InstaWifiHandler -> net.jessechen.instawifi.InstaWifiHandler:
    android.widget.TextView status -> a
    android.nfc.NfcAdapter mNfcAdapter -> b
    net.jessechen.instawifi.misc.WifiReceiver mReceiver -> c
    boolean receiverRemoved -> d
    boolean triedAssociating -> e
    android.net.wifi.WifiManager mWifiManager -> f
    android.app.Activity a -> g
    java.lang.String TAG -> h
    35:51:void onCreate(android.os.Bundle) -> onCreate
    68:78:void onResume() -> onResume
    82:87:void onPause() -> onPause
    90:114:void handleConnectionChanged(android.net.wifi.SupplicantState) -> a
net.jessechen.instawifi.NfcActivity -> net.jessechen.instawifi.NfcActivity:
    boolean mWriteMode -> a
    android.nfc.NfcAdapter mNfcAdapter -> b
    android.app.PendingIntent mNfcPendingIntent -> c
    android.content.IntentFilter[] mWriteTagFilters -> d
    android.app.AlertDialog alert -> e
    android.widget.Button writeTag -> f
    android.widget.Spinner networkSpinner -> g
    android.widget.ArrayAdapter networkAdapter -> h
    android.widget.Spinner protocolSpinner -> i
    android.widget.TextView passwordText -> j
    android.widget.EditText passwordField -> k
    android.widget.CheckBox revealPassword -> l
    android.content.Context c -> m
    android.content.Intent picIntent -> n
    net.jessechen.instawifi.billing.BillingService mBillingService -> o
    java.lang.String TAG -> p
    android.os.Handler mHandler -> q
    android.view.View$OnClickListener mTagWriter -> r
    android.widget.CompoundButton$OnCheckedChangeListener mCheckBoxListener -> s
    80:160:void onCreate(android.os.Bundle) -> onCreate
    163:199:void setupNfcView(java.lang.String[]) -> a
    203:208:void onResume() -> onResume
    212:220:void onSaveInstanceState(android.os.Bundle) -> onSaveInstanceState
    224:229:void onPause() -> onPause
    233:234:void onDestroy() -> onDestroy
    239:264:void onNewIntent(android.content.Intent) -> onNewIntent
    323:325:boolean onCreateOptionsMenu(com.actionbarsherlock.view.Menu) -> onCreateOptionsMenu
net.jessechen.instawifi.NfcActivity$1 -> net.jessechen.instawifi.b:
    313:318:void handleMessage(android.os.Message) -> handleMessage
net.jessechen.instawifi.NfcActivity$2 -> net.jessechen.instawifi.c:
    net.jessechen.instawifi.NfcActivity this$0 -> a
    372:388:void onClick(android.view.View) -> onClick
    369:369:net.jessechen.instawifi.NfcActivity access$0(net.jessechen.instawifi.NfcActivity$2) -> a
net.jessechen.instawifi.NfcActivity$2$1 -> net.jessechen.instawifi.d:
    net.jessechen.instawifi.NfcActivity$2 this$1 -> a
    383:384:void onCancel(android.content.DialogInterface) -> onCancel
...
com.actionbarsherlock.internal.nineoldandroids.animation.IntKeyframeSet -> com.actionbarsherlock.internal.nineoldandroids.animation.IntKeyframeSet:
    int firstValue -> firstValue
    int lastValue -> lastValue
    int deltaValue -> deltaValue
    boolean firstTime -> firstTime
    47:47:java.lang.Object getValue(float) -> getValue
    52:59:com.actionbarsherlock.internal.nineoldandroids.animation.IntKeyframeSet clone() -> clone
    63:131:int getIntValue(float) -> getIntValue
    1:1:com.actionbarsherlock.internal.nineoldandroids.animation.KeyframeSet clone() -> clone
com.actionbarsherlock.internal.nineoldandroids.animation.Keyframe -> com.actionbarsherlock.internal.nineoldandroids.animation.Keyframe:
    float mFraction -> mFraction
    java.lang.Class mValueType -> mValueType
    android.view.animation.Interpolator mInterpolator -> mInterpolator
    boolean mHasValue -> mHasValue
    77:77:com.actionbarsherlock.internal.nineoldandroids.animation.Keyframe ofInt(float,int) -> ofInt
    93:93:com.actionbarsherlock.internal.nineoldandroids.animation.Keyframe ofInt(float) -> ofInt
    109:109:com.actionbarsherlock.internal.nineoldandroids.animation.Keyframe ofFloat(float,float) -> ofFloat
    125:125:com.actionbarsherlock.internal.nineoldandroids.animation.Keyframe ofFloat(float) -> ofFloat
    141:141:com.actionbarsherlock.internal.nineoldandroids.animation.Keyframe ofObject(float,java.lang.Object) -> ofObject
    157:157:com.actionbarsherlock.internal.nineoldandroids.animation.Keyframe ofObject(float) -> ofObject
    168:168:boolean hasValue() -> hasValue
    java.lang.Object getValue() -> getValue
    void setValue(java.lang.Object) -> setValue
    192:192:float getFraction() -> getFraction
    202:203:void setFraction(float) -> setFraction
    212:212:android.view.animation.Interpolator getInterpolator() -> getInterpolator
    222:223:void setInterpolator(android.view.animation.Interpolator) -> setInterpolator
    233:233:java.lang.Class getType() -> getType
com.actionbarsherlock.internal.nineoldandroids.animation.Keyframe$FloatKeyframe -> com.actionbarsherlock.internal.nineoldandroids.animation.Keyframe$FloatKeyframe:
    float mValue -> mValue
    340:340:float getFloatValue() -> getFloatValue
    344:344:java.lang.Object getValue() -> getValue
    348:352:void setValue(java.lang.Object) -> setValue
    356:358:com.actionbarsherlock.internal.nineoldandroids.animation.Keyframe$FloatKeyframe clone() -> clone
    1:1:com.actionbarsherlock.internal.nineoldandroids.animation.Keyframe clone() -> clone
com.actionbarsherlock.internal.nineoldandroids.animation.Keyframe$IntKeyframe -> com.actionbarsherlock.internal.nineoldandroids.animation.Keyframe$IntKeyframe:
    int mValue -> mValue
    296:296:int getIntValue() -> getIntValue
    300:300:java.lang.Object getValue() -> getValue
    304:308:void setValue(java.lang.Object) -> setValue
    312:314:com.actionbarsherlock.internal.nineoldandroids.animation.Keyframe$IntKeyframe clone() -> clone
    1:1:com.actionbarsherlock.internal.nineoldandroids.animation.Keyframe clone() -> clone
com.actionbarsherlock.internal.nineoldandroids.animation.Keyframe$ObjectKeyframe -> com.actionbarsherlock.internal.nineoldandroids.animation.Keyframe$ObjectKeyframe:
    java.lang.Object mValue -> mValue
    257:257:java.lang.Object getValue() -> getValue
    261:263:void setValue(java.lang.Object) -> setValue
    267:269:com.actionbarsherlock.internal.nineoldandroids.animation.Keyframe$ObjectKeyframe clone() -> clone
    1:1:com.actionbarsherlock.internal.nineoldandroids.animation.Keyframe clone() -> clone