proguard/usage.txt
net.jessechen.instawifi.BuildConfig
net.jessechen.instawifi.DonateActivity$DonatePurchaseObserver:
    95:96:public void onBillingSupported(boolean,java.lang.String)
    130:137:public void onRestoreTransactionsResponse(net.jessechen.instawifi.billing.BillingService$RestoreTransactions,net.jessechen.instawifi.util.BillingUtil$ResponseCode)
net.jessechen.instawifi.NfcActivity:
    static final int MESSAGE_SENT
net.jessechen.instawifi.QrFragment:
    android.widget.Button qwriteTag_qr
net.jessechen.instawifi.R
net.jessechen.instawifi.R$attr
net.jessechen.instawifi.R$bool
net.jessechen.instawifi.R$color
net.jessechen.instawifi.R$dimen
net.jessechen.instawifi.R$drawable
net.jessechen.instawifi.R$id
net.jessechen.instawifi.R$integer
net.jessechen.instawifi.R$layout
net.jessechen.instawifi.R$menu
net.jessechen.instawifi.R$string
net.jessechen.instawifi.R$style
net.jessechen.instawifi.R$styleable
net.jessechen.instawifi.billing.BillingService:
    158:163:protected android.os.Bundle makeRequestBundle(java.lang.String)
net.jessechen.instawifi.billing.BillingService$RequestPurchase:
    520:521:public BillingService$RequestPurchase(net.jessechen.instawifi.billing.BillingService,java.lang.String)
    534:535:public BillingService$RequestPurchase(net.jessechen.instawifi.billing.BillingService,java.lang.String,java.lang.String)
net.jessechen.instawifi.billing.BillingService$RestoreTransactions
net.jessechen.instawifi.billing.PurchaseObserver:
    private static final java.lang.String TAG
    public abstract void onBillingSupported(boolean,java.lang.String)
    public abstract void onRestoreTransactionsResponse(net.jessechen.instawifi.billing.BillingService$RestoreTransactions,net.jessechen.instawifi.util.BillingUtil$ResponseCode)
net.jessechen.instawifi.billing.ResponseHandler:
    private static final java.lang.String TAG
    54:55:public static synchronized void unregister(net.jessechen.instawifi.billing.PurchaseObserver)
    67:70:public static void checkBillingSupportedResponse(boolean,java.lang.String)
    191:195:public static void responseCodeReceived(android.content.Context,net.jessechen.instawifi.billing.BillingService$RestoreTransactions,net.jessechen.instawifi.util.BillingUtil$ResponseCode)
net.jessechen.instawifi.billing.Security:
    private static final java.lang.String KEY_FACTORY_ALGORITHM
    private static final java.lang.String SIGNATURE_ALGORITHM
net.jessechen.instawifi.misc.AddNetworkDialog:
    32:32:public AddNetworkDialog()
net.jessechen.instawifi.util.Base64:
    public static final boolean ENCODE
    public static final boolean DECODE
    private static final byte EQUALS_SIGN
    private static final byte NEW_LINE
    private static final byte WHITE_SPACE_ENC
    private static final byte EQUALS_SIGN_ENC
    210:234:private static byte[] encode3to4(byte[],int,int,byte[],int,byte[])
    247:247:public static java.lang.String encode(byte[])
    258:258:public static java.lang.String encodeWebSafe(byte[],boolean)
    274:286:public static java.lang.String encode(byte[],int,int,byte[],boolean)
    301:345:public static byte[] encode(byte[],int,int,byte[],int)
    431:432:public static byte[] decodeWebSafe(java.lang.String)
    445:445:public static byte[] decode(byte[])
    458:458:public static byte[] decodeWebSafe(byte[])
    489:489:public static byte[] decodeWebSafe(byte[],int,int)
net.jessechen.instawifi.util.Base64DecoderException:
    private static final long serialVersionUID
...
com.google.zxing.client.result.BookmarkDoCoMoResultParser
com.google.zxing.client.result.CalendarParsedResult
com.google.zxing.client.result.EmailAddressParsedResult
com.google.zxing.client.result.EmailAddressResultParser
com.google.zxing.client.result.EmailDoCoMoResultParser
com.google.zxing.client.result.ExpandedProductParsedResult
com.google.zxing.client.result.ExpandedProductResultParser
com.google.zxing.client.result.GeoParsedResult
com.google.zxing.client.result.GeoResultParser
com.google.zxing.client.result.ISBNParsedResult
com.google.zxing.client.result.ISBNResultParser
com.google.zxing.client.result.ParsedResult
com.google.zxing.client.result.ParsedResultType
com.google.zxing.client.result.ProductParsedResult
com.google.zxing.client.result.ProductResultParser
com.google.zxing.client.result.ResultParser
com.google.zxing.client.result.SMSMMSResultParser
com.google.zxing.client.result.SMSParsedResult
com.google.zxing.client.result.SMSTOMMSTOResultParser
com.google.zxing.client.result.SMTPResultParser
com.google.zxing.client.result.TelParsedResult
com.google.zxing.client.result.TelResultParser
com.google.zxing.client.result.TextParsedResult
com.google.zxing.client.result.URIParsedResult
com.google.zxing.client.result.URIResultParser
com.google.zxing.client.result.URLTOResultParser
com.google.zxing.client.result.VCardResultParser
com.google.zxing.client.result.VEventResultParser
com.google.zxing.client.result.WifiParsedResult
com.google.zxing.client.result.WifiResultParser
com.google.zxing.client.result.optional.AbstractNDEFResultParser
com.google.zxing.client.result.optional.NDEFRecord
com.google.zxing.client.result.optional.NDEFSmartPosterParsedResult
com.google.zxing.client.result.optional.NDEFSmartPosterResultParser
com.google.zxing.client.result.optional.NDEFTextResultParser
com.google.zxing.client.result.optional.NDEFURIResultParser
com.google.zxing.common.BitArray:
    37:40:public BitArray(int)
    72:73:public void set(int)
    81:82:public void flip(int)
    92:93:public void setBulk(int,int)
    99:103:public void clear()
    115:143:public boolean isRange(int,int,boolean)
    214:214:public int[] getBitArray()
    221:229:public void reverse()
com.google.zxing.common.BitMatrix:
    43:44:public BitMatrix(int)
    75:77:public void set(int,int)
    86:88:public void flip(int,int)
    94:98:public void clear()
    137:144:public com.google.zxing.common.BitArray getRow(int,com.google.zxing.common.BitArray)
    153:169:public int[] getTopLeftOnBit()
    173:191:public int[] getBottomRightOnBit()
com.google.zxing.common.BitSource
com.google.zxing.common.CharacterSetECI:
    65:65:public java.lang.String getEncodingName()
    89:95:public static com.google.zxing.common.CharacterSetECI getCharacterSetECIByValue(int)
com.google.zxing.common.Collections
com.google.zxing.common.Comparator
com.google.zxing.common.DecoderResult
com.google.zxing.common.DefaultGridSampler
com.google.zxing.common.DetectorResult
com.google.zxing.common.ECI:
    43:49:public static com.google.zxing.common.ECI getECIByValue(int)
com.google.zxing.common.GlobalHistogramBinarizer
com.google.zxing.common.GridSampler
com.google.zxing.common.HybridBinarizer
com.google.zxing.common.PerspectiveTransform
com.google.zxing.common.StringUtils
com.google.zxing.common.detector.MonochromeRectangleDetector
com.google.zxing.common.detector.WhiteRectangleDetector
com.google.zxing.common.reedsolomon.GenericGF:
    private static final int INITIALIZATION_THRESHOLD
    100:102:com.google.zxing.common.reedsolomon.GenericGFPoly getOne()
    185:185:public int getSize()
com.google.zxing.common.reedsolomon.GenericGFPoly:
    98:115:int evaluateAt(int)
    171:182:com.google.zxing.common.reedsolomon.GenericGFPoly multiply(int)
com.google.zxing.common.reedsolomon.ReedSolomonDecoder
com.google.zxing.common.reedsolomon.ReedSolomonException
com.google.zxing.datamatrix.DataMatrixReader